<?xml version="1.0" encoding="UTF-8"?>
<!-- Generated by org.testng.reporters.JUnitReportReporter -->
<testsuite hostname="suresh-PC" failures="0" tests="1" name="script.LoginPage" time="53.677" errors="0" timestamp="2023-01-23T21:13:38 IST" skipped="0">
  <testcase classname="script.LoginPage" name="EnterVaildLogin" time="53.677"/>
  <system-out>
    <![CDATA[Pass
Pass
Demo App]]>
  </system-out>
</testsuite> <!-- script.LoginPage -->
